<?xml version="1.0" encoding="UTF-8"?>
<testsuite xmlns:xsi="http://www.w3.org/2001/XMLSchema-instance" xsi:noNamespaceSchemaLocation="https://maven.apache.org/surefire/maven-surefire-plugin/xsd/surefire-test-report-3.0.xsd" version="3.0" name="runners.TestRunnerFacebook" time="4.494" tests="1" errors="1" skipped="0" failures="0">
  <properties>
[...]
</properties>
  <testcase name="User should be able to fill the registration form" classname="Facebook Registration" time="3.864">
    <error message="element not interactable&#10;  (Session info: chrome=135.0.7049.85)&#10;Build info: version: &apos;4.21.0&apos;, revision: &apos;79ed462ef4&apos;&#10;System info: os.name: &apos;Windows 10&apos;, os.arch: &apos;amd64&apos;, os.version: &apos;10.0&apos;, java.version: &apos;21.0.6&apos;&#10;Driver info: org.openqa.selenium.chrome.ChromeDriver&#10;Command: [c3e9b7acdaae0a08d867d1337779f538, sendKeysToElement {value=[Ljava.lang.CharSequence;@56ac5c80, id=f.5FF594CF1374495BF2D3EF20FB51DDAB.d.A18BA2FB031468EE19C7840ACE02BB2B.e.19}]&#10;Capabilities {acceptInsecureCerts: false, browserName: chrome, browserVersion: 135.0.7049.85, chrome: {chromedriverVersion: 135.0.7049.95 (de2eb485a195..., userDataDir: C:\Users\Admin\AppData\Loca...}, fedcm:accounts: true, goog:chromeOptions: {debuggerAddress: localhost:60731}, networkConnectionEnabled: false, pageLoadStrategy: normal, platformName: windows, proxy: Proxy(), se:cdp: ws://localhost:60731/devtoo..., se:cdpVersion: 135.0.7049.85, setWindowRect: true, strictFileInteractability: false, timeouts: {implicit: 0, pageLoad: 300000, script: 30000}, unhandledPromptBehavior: dismiss and notify, webauthn:extension:credBlob: true, webauthn:extension:largeBlob: true, webauthn:extension:minPinLength: true, webauthn:extension:prf: true, webauthn:virtualAuthenticators: true}&#10;Element: [[ChromeDriver: chrome on windows (c3e9b7acdaae0a08d867d1337779f538)] -&gt; name: reg_email_confirmation__]&#10;Session ID: c3e9b7acdaae0a08d867d1337779f538" type="org.openqa.selenium.ElementNotInteractableException"><![CDATA[org.openqa.selenium.ElementNotInteractableException: 
element not interactable
  (Session info: chrome=135.0.7049.85)
Build info: version: '4.21.0', revision: '79ed462ef4'
System info: os.name: 'Windows 10', os.arch: 'amd64', os.version: '10.0', java.version: '21.0.6'
Driver info: org.openqa.selenium.chrome.ChromeDriver
Command: [c3e9b7acdaae0a08d867d1337779f538, sendKeysToElement {value=[Ljava.lang.CharSequence;@56ac5c80, id=f.5FF594CF1374495BF2D3EF20FB51DDAB.d.A18BA2FB031468EE19C7840ACE02BB2B.e.19}]
Capabilities {acceptInsecureCerts: false, browserName: chrome, browserVersion: 135.0.7049.85, chrome: {chromedriverVersion: 135.0.7049.95 (de2eb485a195..., userDataDir: C:\Users\Admin\AppData\Loca...}, fedcm:accounts: true, goog:chromeOptions: {debuggerAddress: localhost:60731}, networkConnectionEnabled: false, pageLoadStrategy: normal, platformName: windows, proxy: Proxy(), se:cdp: ws://localhost:60731/devtoo..., se:cdpVersion: 135.0.7049.85, setWindowRect: true, strictFileInteractability: false, timeouts: {implicit: 0, pageLoad: 300000, script: 30000}, unhandledPromptBehavior: dismiss and notify, webauthn:extension:credBlob: true, webauthn:extension:largeBlob: true, webauthn:extension:minPinLength: true, webauthn:extension:prf: true, webauthn:virtualAuthenticators: true}
Element: [[ChromeDriver: chrome on windows (c3e9b7acdaae0a08d867d1337779f538)] -> name: reg_email_confirmation__]
Session ID: c3e9b7acdaae0a08d867d1337779f538
	at java.base/jdk.internal.reflect.DirectConstructorHandleAccessor.newInstance(DirectConstructorHandleAccessor.java:62)
	at java.base/java.lang.reflect.Constructor.newInstanceWithCaller(Constructor.java:502)
	at java.base/java.lang.reflect.Constructor.newInstance(Constructor.java:486)
	at org.openqa.selenium.remote.ErrorCodec.decode(ErrorCodec.java:167)
	at org.openqa.selenium.remote.codec.w3c.W3CHttpResponseCodec.decode(W3CHttpResponseCodec.java:138)
	at org.openqa.selenium.remote.codec.w3c.W3CHttpResponseCodec.decode(W3CHttpResponseCodec.java:50)
	at org.openqa.selenium.remote.HttpCommandExecutor.execute(HttpCommandExecutor.java:190)
	at org.openqa.selenium.remote.service.DriverCommandExecutor.invokeExecute(DriverCommandExecutor.java:216)
	at org.openqa.selenium.remote.service.DriverCommandExecutor.execute(DriverCommandExecutor.java:174)
	at org.openqa.selenium.remote.RemoteWebDriver.execute(RemoteWebDriver.java:518)
	at org.openqa.selenium.remote.RemoteWebElement.execute(RemoteWebElement.java:223)
	at org.openqa.selenium.remote.RemoteWebElement.sendKeys(RemoteWebElement.java:110)
	at stepdefs.FacebookRegistrationSteps.user_reenters_email(FacebookRegistrationSteps.java:37)
	at ✽.user re-enters email "Sagarghume01@gmail.com"(file:///C:/Users/Admin/Desktop/Eclipse03/com.bdd/src/test/resources/features/facebook_registration.feature:8)
]]></error>
    <system-out><![CDATA[
Scenario: User should be able to fill the registration form # src/test/resources/features/facebook_registration.feature:3
  Given user is on Facebook registration page               # stepdefs.FacebookRegistrationSteps.user_is_on_facebook_registration_page()
  When user enters first name "Sagar"                       # stepdefs.FacebookRegistrationSteps.user_enters_first_name(java.lang.String)
  And user enters surname "Ghume"                           # stepdefs.FacebookRegistrationSteps.user_enters_surname(java.lang.String)
  And user enters email "Sagarghume01@gmail.com"            # stepdefs.FacebookRegistrationSteps.user_enters_email(java.lang.String)
  And user re-enters email "Sagarghume01@gmail.com"         # stepdefs.FacebookRegistrationSteps.user_reenters_email(java.lang.String)
      org.openqa.selenium.ElementNotInteractableException: element not interactable
  (Session info: chrome=135.0.7049.85)
Build info: version: '4.21.0', revision: '79ed462ef4'
System info: os.name: 'Windows 10', os.arch: 'amd64', os.version: '10.0', java.version: '21.0.6'
Driver info: org.openqa.selenium.chrome.ChromeDriver
Command: [c3e9b7acdaae0a08d867d1337779f538, sendKeysToElement {value=[Ljava.lang.CharSequence;@56ac5c80, id=f.5FF594CF1374495BF2D3EF20FB51DDAB.d.A18BA2FB031468EE19C7840ACE02BB2B.e.19}]
Capabilities {acceptInsecureCerts: false, browserName: chrome, browserVersion: 135.0.7049.85, chrome: {chromedriverVersion: 135.0.7049.95 (de2eb485a195..., userDataDir: C:\Users\Admin\AppData\Loca...}, fedcm:accounts: true, goog:chromeOptions: {debuggerAddress: localhost:60731}, networkConnectionEnabled: false, pageLoadStrategy: normal, platformName: windows, proxy: Proxy(), se:cdp: ws://localhost:60731/devtoo..., se:cdpVersion: 135.0.7049.85, setWindowRect: true, strictFileInteractability: false, timeouts: {implicit: 0, pageLoad: 300000, script: 30000}, unhandledPromptBehavior: dismiss and notify, webauthn:extension:credBlob: true, webauthn:extension:largeBlob: true, webauthn:extension:minPinLength: true, webauthn:extension:prf: true, webauthn:virtualAuthenticators: true}
Element: [[ChromeDriver: chrome on windows (c3e9b7acdaae0a08d867d1337779f538)] -> name: reg_email_confirmation__]
Session ID: c3e9b7acdaae0a08d867d1337779f538
	at java.base/jdk.internal.reflect.DirectConstructorHandleAccessor.newInstance(DirectConstructorHandleAccessor.java:62)
	at java.base/java.lang.reflect.Constructor.newInstanceWithCaller(Constructor.java:502)
	at java.base/java.lang.reflect.Constructor.newInstance(Constructor.java:486)
	at org.openqa.selenium.remote.ErrorCodec.decode(ErrorCodec.java:167)
	at org.openqa.selenium.remote.codec.w3c.W3CHttpResponseCodec.decode(W3CHttpResponseCodec.java:138)
	at org.openqa.selenium.remote.codec.w3c.W3CHttpResponseCodec.decode(W3CHttpResponseCodec.java:50)
	at org.openqa.selenium.remote.HttpCommandExecutor.execute(HttpCommandExecutor.java:190)
	at org.openqa.selenium.remote.service.DriverCommandExecutor.invokeExecute(DriverCommandExecutor.java:216)
	at org.openqa.selenium.remote.service.DriverCommandExecutor.execute(DriverCommandExecutor.java:174)
	at org.openqa.selenium.remote.RemoteWebDriver.execute(RemoteWebDriver.java:518)
	at org.openqa.selenium.remote.RemoteWebElement.execute(RemoteWebElement.java:223)
	at org.openqa.selenium.remote.RemoteWebElement.sendKeys(RemoteWebElement.java:110)
	at stepdefs.FacebookRegistrationSteps.user_reenters_email(FacebookRegistrationSteps.java:37)
	at ✽.user re-enters email "Sagarghume01@gmail.com"(file:///C:/Users/Admin/Desktop/Eclipse03/com.bdd/src/test/resources/features/facebook_registration.feature:8)

  And user enters password "Pass@123"                       # stepdefs.FacebookRegistrationSteps.user_enters_password(java.lang.String)
  And user selects birth date "04", "Feb", "1997"           # stepdefs.FacebookRegistrationSteps.user_selects_birth_date(java.lang.String,java.lang.String,java.lang.String)
  And user selects gender "Male"                            # stepdefs.FacebookRegistrationSteps.user_selects_gender(java.lang.String)
  Then user clicks on Sign Up button                        # stepdefs.FacebookRegistrationSteps.user_clicks_on_sign_up_button()
]]></system-out>
    <system-err><![CDATA[SLF4J(W): No SLF4J providers were found.
SLF4J(W): Defaulting to no-operation (NOP) logger implementation
SLF4J(W): See https://www.slf4j.org/codes.html#noProviders for further details.
Apr 16, 2025 11:42:53 AM org.openqa.selenium.devtools.CdpVersionFinder findNearestMatch
WARNING: Unable to find CDP implementation matching 135
Apr 16, 2025 11:42:53 AM org.openqa.selenium.chromium.ChromiumDriver lambda$new$5
WARNING: Unable to find version of CDP to use for 135.0.7049.85. You may need to include a dependency on a specific version of the CDP using something similar to `org.seleniumhq.selenium:selenium-devtools-v86:4.21.0` where the version ("v86") matches the version of the chromium-based browser you're using and the version number of the artifact is the same as Selenium's.
]]></system-err>
  </testcase>
</testsuite>